
Note-[RT_BS] Larger stack needed
  Note: Bumping stack limit from 8192 to 8270 Kbytes.

Chronologic VCS simulator copyright 1991-2016
Contains Synopsys proprietary information.
Compiler version L-2016.06-SP2-2_Full64; Runtime version L-2016.06-SP2-2_Full64;  Mar 15 16:28 2020
test_bp.clock_gen with cycle_time_p       10000
## bsg_mem_1rw_sync_synth: instantiating width_p=         34, els_p=          8 (test_bp.tb.wrapper.dut.core.fe.mem.itlb.entry_ram.synth)
## bsg_mem_1rw_sync_synth: instantiating width_p=          8, els_p=        512 (test_bp.tb.wrapper.dut.core.fe.mem.icache.data_mems[0].data_mem.synth.bk[0].mem_1rw_sync.synth)
## bsg_mem_1rw_sync_synth: instantiating width_p=          8, els_p=        512 (test_bp.tb.wrapper.dut.core.fe.mem.icache.data_mems[0].data_mem.synth.bk[1].mem_1rw_sync.synth)
## bsg_mem_1rw_sync_synth: instantiating width_p=          8, els_p=        512 (test_bp.tb.wrapper.dut.core.fe.mem.icache.data_mems[0].data_mem.synth.bk[2].mem_1rw_sync.synth)
## bsg_mem_1rw_sync_synth: instantiating width_p=          8, els_p=        512 (test_bp.tb.wrapper.dut.core.fe.mem.icache.data_mems[0].data_mem.synth.bk[3].mem_1rw_sync.synth)
## bsg_mem_1rw_sync_synth: instantiating width_p=          8, els_p=        512 (test_bp.tb.wrapper.dut.core.fe.mem.icache.data_mems[0].data_mem.synth.bk[4].mem_1rw_sync.synth)
## bsg_mem_1rw_sync_synth: instantiating width_p=          8, els_p=        512 (test_bp.tb.wrapper.dut.core.fe.mem.icache.data_mems[0].data_mem.synth.bk[5].mem_1rw_sync.synth)
## bsg_mem_1rw_sync_synth: instantiating width_p=          8, els_p=        512 (test_bp.tb.wrapper.dut.core.fe.mem.icache.data_mems[0].data_mem.synth.bk[6].mem_1rw_sync.synth)
## bsg_mem_1rw_sync_synth: instantiating width_p=          8, els_p=        512 (test_bp.tb.wrapper.dut.core.fe.mem.icache.data_mems[0].data_mem.synth.bk[7].mem_1rw_sync.synth)
## bsg_mem_1rw_sync_mask_write_byte: instantiating data_width_p=         64, els_p=        512 (test_bp.tb.wrapper.dut.core.fe.mem.icache.data_mems[0].data_mem)
## bsg_mem_1rw_sync_synth: instantiating width_p=          8, els_p=        512 (test_bp.tb.wrapper.dut.core.fe.mem.icache.data_mems[1].data_mem.synth.bk[0].mem_1rw_sync.synth)
## bsg_mem_1rw_sync_synth: instantiating width_p=          8, els_p=        512 (test_bp.tb.wrapper.dut.core.fe.mem.icache.data_mems[1].data_mem.synth.bk[1].mem_1rw_sync.synth)
## bsg_mem_1rw_sync_synth: instantiating width_p=          8, els_p=        512 (test_bp.tb.wrapper.dut.core.fe.mem.icache.data_mems[1].data_mem.synth.bk[2].mem_1rw_sync.synth)
## bsg_mem_1rw_sync_synth: instantiating width_p=          8, els_p=        512 (test_bp.tb.wrapper.dut.core.fe.mem.icache.data_mems[1].data_mem.synth.bk[3].mem_1rw_sync.synth)
## bsg_mem_1rw_sync_synth: instantiating width_p=          8, els_p=        512 (test_bp.tb.wrapper.dut.core.fe.mem.icache.data_mems[1].data_mem.synth.bk[4].mem_1rw_sync.synth)
## bsg_mem_1rw_sync_synth: instantiating width_p=          8, els_p=        512 (test_bp.tb.wrapper.dut.core.fe.mem.icache.data_mems[1].data_mem.synth.bk[5].mem_1rw_sync.synth)
## bsg_mem_1rw_sync_synth: instantiating width_p=          8, els_p=        512 (test_bp.tb.wrapper.dut.core.fe.mem.icache.data_mems[1].data_mem.synth.bk[6].mem_1rw_sync.synth)
## bsg_mem_1rw_sync_synth: instantiating width_p=          8, els_p=        512 (test_bp.tb.wrapper.dut.core.fe.mem.icache.data_mems[1].data_mem.synth.bk[7].mem_1rw_sync.synth)
## bsg_mem_1rw_sync_mask_write_byte: instantiating data_width_p=         64, els_p=        512 (test_bp.tb.wrapper.dut.core.fe.mem.icache.data_mems[1].data_mem)
## bsg_mem_1rw_sync_synth: instantiating width_p=          8, els_p=        512 (test_bp.tb.wrapper.dut.core.fe.mem.icache.data_mems[2].data_mem.synth.bk[0].mem_1rw_sync.synth)
## bsg_mem_1rw_sync_synth: instantiating width_p=          8, els_p=        512 (test_bp.tb.wrapper.dut.core.fe.mem.icache.data_mems[2].data_mem.synth.bk[1].mem_1rw_sync.synth)
## bsg_mem_1rw_sync_synth: instantiating width_p=          8, els_p=        512 (test_bp.tb.wrapper.dut.core.fe.mem.icache.data_mems[2].data_mem.synth.bk[2].mem_1rw_sync.synth)
## bsg_mem_1rw_sync_synth: instantiating width_p=          8, els_p=        512 (test_bp.tb.wrapper.dut.core.fe.mem.icache.data_mems[2].data_mem.synth.bk[3].mem_1rw_sync.synth)
## bsg_mem_1rw_sync_synth: instantiating width_p=          8, els_p=        512 (test_bp.tb.wrapper.dut.core.fe.mem.icache.data_mems[2].data_mem.synth.bk[4].mem_1rw_sync.synth)
## bsg_mem_1rw_sync_synth: instantiating width_p=          8, els_p=        512 (test_bp.tb.wrapper.dut.core.fe.mem.icache.data_mems[2].data_mem.synth.bk[5].mem_1rw_sync.synth)
## bsg_mem_1rw_sync_synth: instantiating width_p=          8, els_p=        512 (test_bp.tb.wrapper.dut.core.fe.mem.icache.data_mems[2].data_mem.synth.bk[6].mem_1rw_sync.synth)
## bsg_mem_1rw_sync_synth: instantiating width_p=          8, els_p=        512 (test_bp.tb.wrapper.dut.core.fe.mem.icache.data_mems[2].data_mem.synth.bk[7].mem_1rw_sync.synth)
## bsg_mem_1rw_sync_mask_write_byte: instantiating data_width_p=         64, els_p=        512 (test_bp.tb.wrapper.dut.core.fe.mem.icache.data_mems[2].data_mem)
## bsg_mem_1rw_sync_synth: instantiating width_p=          8, els_p=        512 (test_bp.tb.wrapper.dut.core.fe.mem.icache.data_mems[3].data_mem.synth.bk[0].mem_1rw_sync.synth)
## bsg_mem_1rw_sync_synth: instantiating width_p=          8, els_p=        512 (test_bp.tb.wrapper.dut.core.fe.mem.icache.data_mems[3].data_mem.synth.bk[1].mem_1rw_sync.synth)
## bsg_mem_1rw_sync_synth: instantiating width_p=          8, els_p=        512 (test_bp.tb.wrapper.dut.core.fe.mem.icache.data_mems[3].data_mem.synth.bk[2].mem_1rw_sync.synth)
## bsg_mem_1rw_sync_synth: instantiating width_p=          8, els_p=        512 (test_bp.tb.wrapper.dut.core.fe.mem.icache.data_mems[3].data_mem.synth.bk[3].mem_1rw_sync.synth)
## bsg_mem_1rw_sync_synth: instantiating width_p=          8, els_p=        512 (test_bp.tb.wrapper.dut.core.fe.mem.icache.data_mems[3].data_mem.synth.bk[4].mem_1rw_sync.synth)
## bsg_mem_1rw_sync_synth: instantiating width_p=          8, els_p=        512 (test_bp.tb.wrapper.dut.core.fe.mem.icache.data_mems[3].data_mem.synth.bk[5].mem_1rw_sync.synth)
## bsg_mem_1rw_sync_synth: instantiating width_p=          8, els_p=        512 (test_bp.tb.wrapper.dut.core.fe.mem.icache.data_mems[3].data_mem.synth.bk[6].mem_1rw_sync.synth)
## bsg_mem_1rw_sync_synth: instantiating width_p=          8, els_p=        512 (test_bp.tb.wrapper.dut.core.fe.mem.icache.data_mems[3].data_mem.synth.bk[7].mem_1rw_sync.synth)
## bsg_mem_1rw_sync_mask_write_byte: instantiating data_width_p=         64, els_p=        512 (test_bp.tb.wrapper.dut.core.fe.mem.icache.data_mems[3].data_mem)
## bsg_mem_1rw_sync_synth: instantiating width_p=          8, els_p=        512 (test_bp.tb.wrapper.dut.core.fe.mem.icache.data_mems[4].data_mem.synth.bk[0].mem_1rw_sync.synth)
## bsg_mem_1rw_sync_synth: instantiating width_p=          8, els_p=        512 (test_bp.tb.wrapper.dut.core.fe.mem.icache.data_mems[4].data_mem.synth.bk[1].mem_1rw_sync.synth)
## bsg_mem_1rw_sync_synth: instantiating width_p=          8, els_p=        512 (test_bp.tb.wrapper.dut.core.fe.mem.icache.data_mems[4].data_mem.synth.bk[2].mem_1rw_sync.synth)
## bsg_mem_1rw_sync_synth: instantiating width_p=          8, els_p=        512 (test_bp.tb.wrapper.dut.core.fe.mem.icache.data_mems[4].data_mem.synth.bk[3].mem_1rw_sync.synth)
## bsg_mem_1rw_sync_synth: instantiating width_p=          8, els_p=        512 (test_bp.tb.wrapper.dut.core.fe.mem.icache.data_mems[4].data_mem.synth.bk[4].mem_1rw_sync.synth)
## bsg_mem_1rw_sync_synth: instantiating width_p=          8, els_p=        512 (test_bp.tb.wrapper.dut.core.fe.mem.icache.data_mems[4].data_mem.synth.bk[5].mem_1rw_sync.synth)
## bsg_mem_1rw_sync_synth: instantiating width_p=          8, els_p=        512 (test_bp.tb.wrapper.dut.core.fe.mem.icache.data_mems[4].data_mem.synth.bk[6].mem_1rw_sync.synth)
## bsg_mem_1rw_sync_synth: instantiating width_p=          8, els_p=        512 (test_bp.tb.wrapper.dut.core.fe.mem.icache.data_mems[4].data_mem.synth.bk[7].mem_1rw_sync.synth)
## bsg_mem_1rw_sync_mask_write_byte: instantiating data_width_p=         64, els_p=        512 (test_bp.tb.wrapper.dut.core.fe.mem.icache.data_mems[4].data_mem)
## bsg_mem_1rw_sync_synth: instantiating width_p=          8, els_p=        512 (test_bp.tb.wrapper.dut.core.fe.mem.icache.data_mems[5].data_mem.synth.bk[0].mem_1rw_sync.synth)
## bsg_mem_1rw_sync_synth: instantiating width_p=          8, els_p=        512 (test_bp.tb.wrapper.dut.core.fe.mem.icache.data_mems[5].data_mem.synth.bk[1].mem_1rw_sync.synth)
## bsg_mem_1rw_sync_synth: instantiating width_p=          8, els_p=        512 (test_bp.tb.wrapper.dut.core.fe.mem.icache.data_mems[5].data_mem.synth.bk[2].mem_1rw_sync.synth)
## bsg_mem_1rw_sync_synth: instantiating width_p=          8, els_p=        512 (test_bp.tb.wrapper.dut.core.fe.mem.icache.data_mems[5].data_mem.synth.bk[3].mem_1rw_sync.synth)
## bsg_mem_1rw_sync_synth: instantiating width_p=          8, els_p=        512 (test_bp.tb.wrapper.dut.core.fe.mem.icache.data_mems[5].data_mem.synth.bk[4].mem_1rw_sync.synth)
## bsg_mem_1rw_sync_synth: instantiating width_p=          8, els_p=        512 (test_bp.tb.wrapper.dut.core.fe.mem.icache.data_mems[5].data_mem.synth.bk[5].mem_1rw_sync.synth)
## bsg_mem_1rw_sync_synth: instantiating width_p=          8, els_p=        512 (test_bp.tb.wrapper.dut.core.fe.mem.icache.data_mems[5].data_mem.synth.bk[6].mem_1rw_sync.synth)
## bsg_mem_1rw_sync_synth: instantiating width_p=          8, els_p=        512 (test_bp.tb.wrapper.dut.core.fe.mem.icache.data_mems[5].data_mem.synth.bk[7].mem_1rw_sync.synth)
## bsg_mem_1rw_sync_mask_write_byte: instantiating data_width_p=         64, els_p=        512 (test_bp.tb.wrapper.dut.core.fe.mem.icache.data_mems[5].data_mem)
## bsg_mem_1rw_sync_synth: instantiating width_p=          8, els_p=        512 (test_bp.tb.wrapper.dut.core.fe.mem.icache.data_mems[6].data_mem.synth.bk[0].mem_1rw_sync.synth)
## bsg_mem_1rw_sync_synth: instantiating width_p=          8, els_p=        512 (test_bp.tb.wrapper.dut.core.fe.mem.icache.data_mems[6].data_mem.synth.bk[1].mem_1rw_sync.synth)
## bsg_mem_1rw_sync_synth: instantiating width_p=          8, els_p=        512 (test_bp.tb.wrapper.dut.core.fe.mem.icache.data_mems[6].data_mem.synth.bk[2].mem_1rw_sync.synth)
## bsg_mem_1rw_sync_synth: instantiating width_p=          8, els_p=        512 (test_bp.tb.wrapper.dut.core.fe.mem.icache.data_mems[6].data_mem.synth.bk[3].mem_1rw_sync.synth)
## bsg_mem_1rw_sync_synth: instantiating width_p=          8, els_p=        512 (test_bp.tb.wrapper.dut.core.fe.mem.icache.data_mems[6].data_mem.synth.bk[4].mem_1rw_sync.synth)
## bsg_mem_1rw_sync_synth: instantiating width_p=          8, els_p=        512 (test_bp.tb.wrapper.dut.core.fe.mem.icache.data_mems[6].data_mem.synth.bk[5].mem_1rw_sync.synth)
## bsg_mem_1rw_sync_synth: instantiating width_p=          8, els_p=        512 (test_bp.tb.wrapper.dut.core.fe.mem.icache.data_mems[6].data_mem.synth.bk[6].mem_1rw_sync.synth)
## bsg_mem_1rw_sync_synth: instantiating width_p=          8, els_p=        512 (test_bp.tb.wrapper.dut.core.fe.mem.icache.data_mems[6].data_mem.synth.bk[7].mem_1rw_sync.synth)
## bsg_mem_1rw_sync_mask_write_byte: instantiating data_width_p=         64, els_p=        512 (test_bp.tb.wrapper.dut.core.fe.mem.icache.data_mems[6].data_mem)
## bsg_mem_1rw_sync_synth: instantiating width_p=          8, els_p=        512 (test_bp.tb.wrapper.dut.core.fe.mem.icache.data_mems[7].data_mem.synth.bk[0].mem_1rw_sync.synth)
## bsg_mem_1rw_sync_synth: instantiating width_p=          8, els_p=        512 (test_bp.tb.wrapper.dut.core.fe.mem.icache.data_mems[7].data_mem.synth.bk[1].mem_1rw_sync.synth)
## bsg_mem_1rw_sync_synth: instantiating width_p=          8, els_p=        512 (test_bp.tb.wrapper.dut.core.fe.mem.icache.data_mems[7].data_mem.synth.bk[2].mem_1rw_sync.synth)
## bsg_mem_1rw_sync_synth: instantiating width_p=          8, els_p=        512 (test_bp.tb.wrapper.dut.core.fe.mem.icache.data_mems[7].data_mem.synth.bk[3].mem_1rw_sync.synth)
## bsg_mem_1rw_sync_synth: instantiating width_p=          8, els_p=        512 (test_bp.tb.wrapper.dut.core.fe.mem.icache.data_mems[7].data_mem.synth.bk[4].mem_1rw_sync.synth)
## bsg_mem_1rw_sync_synth: instantiating width_p=          8, els_p=        512 (test_bp.tb.wrapper.dut.core.fe.mem.icache.data_mems[7].data_mem.synth.bk[5].mem_1rw_sync.synth)
## bsg_mem_1rw_sync_synth: instantiating width_p=          8, els_p=        512 (test_bp.tb.wrapper.dut.core.fe.mem.icache.data_mems[7].data_mem.synth.bk[6].mem_1rw_sync.synth)
## bsg_mem_1rw_sync_synth: instantiating width_p=          8, els_p=        512 (test_bp.tb.wrapper.dut.core.fe.mem.icache.data_mems[7].data_mem.synth.bk[7].mem_1rw_sync.synth)
## bsg_mem_1rw_sync_mask_write_byte: instantiating data_width_p=         64, els_p=        512 (test_bp.tb.wrapper.dut.core.fe.mem.icache.data_mems[7].data_mem)
## bsg_mem_1rw_sync_mask_write_bit: instantiating width_p=       248, els_p=         64 (test_bp.tb.wrapper.dut.core.fe.mem.icache.tag_mem)
## bsg_mem_1rw_sync_mask_write_bit: instantiating width_p=          7, els_p=         64 (test_bp.tb.wrapper.dut.core.fe.mem.icache.stat_mem)
## bsg_mem_1rw_sync_synth: instantiating width_p=         49, els_p=         64 (test_bp.tb.wrapper.dut.core.fe.pc_gen.btb.tag_mem.synth)
## bsg_mem_1r1w: instantiating width_p=         78, els_p=          4, read_write_same_addr_p=          0, harden_p=          0 (test_bp.tb.wrapper.dut.core.fe_cmd_fifo.unhardened.fifo.mem_1r1w)
## bsg_mem_1r1w: instantiating width_p=        101, els_p=          8, read_write_same_addr_p=          0, harden_p=          0 (test_bp.tb.wrapper.dut.core.fe_queue_fifo.fifo_mem)
## bsg_mem_2r1w_sync: instantiating width_p=         64, els_p=         32, read_write_same_addr_p=          0, harden_p=          0 (test_bp.tb.wrapper.dut.core.be.be_checker.scheduler.int_regfile.rf)
## bsg_mem_1rw_sync_synth: instantiating width_p=         34, els_p=          8 (test_bp.tb.wrapper.dut.core.be.be_mem.dtlb.entry_ram.synth)
## bsg_mem_1rw_sync_synth: instantiating width_p=          8, els_p=        512 (test_bp.tb.wrapper.dut.core.be.be_mem.dcache.data_mem[0].data_mem.synth.bk[0].mem_1rw_sync.synth)
## bsg_mem_1rw_sync_synth: instantiating width_p=          8, els_p=        512 (test_bp.tb.wrapper.dut.core.be.be_mem.dcache.data_mem[0].data_mem.synth.bk[1].mem_1rw_sync.synth)
## bsg_mem_1rw_sync_synth: instantiating width_p=          8, els_p=        512 (test_bp.tb.wrapper.dut.core.be.be_mem.dcache.data_mem[0].data_mem.synth.bk[2].mem_1rw_sync.synth)
## bsg_mem_1rw_sync_synth: instantiating width_p=          8, els_p=        512 (test_bp.tb.wrapper.dut.core.be.be_mem.dcache.data_mem[0].data_mem.synth.bk[3].mem_1rw_sync.synth)
## bsg_mem_1rw_sync_synth: instantiating width_p=          8, els_p=        512 (test_bp.tb.wrapper.dut.core.be.be_mem.dcache.data_mem[0].data_mem.synth.bk[4].mem_1rw_sync.synth)
## bsg_mem_1rw_sync_synth: instantiating width_p=          8, els_p=        512 (test_bp.tb.wrapper.dut.core.be.be_mem.dcache.data_mem[0].data_mem.synth.bk[5].mem_1rw_sync.synth)
## bsg_mem_1rw_sync_synth: instantiating width_p=          8, els_p=        512 (test_bp.tb.wrapper.dut.core.be.be_mem.dcache.data_mem[0].data_mem.synth.bk[6].mem_1rw_sync.synth)
## bsg_mem_1rw_sync_synth: instantiating width_p=          8, els_p=        512 (test_bp.tb.wrapper.dut.core.be.be_mem.dcache.data_mem[0].data_mem.synth.bk[7].mem_1rw_sync.synth)
## bsg_mem_1rw_sync_mask_write_byte: instantiating data_width_p=         64, els_p=        512 (test_bp.tb.wrapper.dut.core.be.be_mem.dcache.data_mem[0].data_mem)
## bsg_mem_1rw_sync_synth: instantiating width_p=          8, els_p=        512 (test_bp.tb.wrapper.dut.core.be.be_mem.dcache.data_mem[1].data_mem.synth.bk[0].mem_1rw_sync.synth)
## bsg_mem_1rw_sync_synth: instantiating width_p=          8, els_p=        512 (test_bp.tb.wrapper.dut.core.be.be_mem.dcache.data_mem[1].data_mem.synth.bk[1].mem_1rw_sync.synth)
## bsg_mem_1rw_sync_synth: instantiating width_p=          8, els_p=        512 (test_bp.tb.wrapper.dut.core.be.be_mem.dcache.data_mem[1].data_mem.synth.bk[2].mem_1rw_sync.synth)
## bsg_mem_1rw_sync_synth: instantiating width_p=          8, els_p=        512 (test_bp.tb.wrapper.dut.core.be.be_mem.dcache.data_mem[1].data_mem.synth.bk[3].mem_1rw_sync.synth)
## bsg_mem_1rw_sync_synth: instantiating width_p=          8, els_p=        512 (test_bp.tb.wrapper.dut.core.be.be_mem.dcache.data_mem[1].data_mem.synth.bk[4].mem_1rw_sync.synth)
## bsg_mem_1rw_sync_synth: instantiating width_p=          8, els_p=        512 (test_bp.tb.wrapper.dut.core.be.be_mem.dcache.data_mem[1].data_mem.synth.bk[5].mem_1rw_sync.synth)
## bsg_mem_1rw_sync_synth: instantiating width_p=          8, els_p=        512 (test_bp.tb.wrapper.dut.core.be.be_mem.dcache.data_mem[1].data_mem.synth.bk[6].mem_1rw_sync.synth)
## bsg_mem_1rw_sync_synth: instantiating width_p=          8, els_p=        512 (test_bp.tb.wrapper.dut.core.be.be_mem.dcache.data_mem[1].data_mem.synth.bk[7].mem_1rw_sync.synth)
## bsg_mem_1rw_sync_mask_write_byte: instantiating data_width_p=         64, els_p=        512 (test_bp.tb.wrapper.dut.core.be.be_mem.dcache.data_mem[1].data_mem)
## bsg_mem_1rw_sync_synth: instantiating width_p=          8, els_p=        512 (test_bp.tb.wrapper.dut.core.be.be_mem.dcache.data_mem[2].data_mem.synth.bk[0].mem_1rw_sync.synth)
## bsg_mem_1rw_sync_synth: instantiating width_p=          8, els_p=        512 (test_bp.tb.wrapper.dut.core.be.be_mem.dcache.data_mem[2].data_mem.synth.bk[1].mem_1rw_sync.synth)
## bsg_mem_1rw_sync_synth: instantiating width_p=          8, els_p=        512 (test_bp.tb.wrapper.dut.core.be.be_mem.dcache.data_mem[2].data_mem.synth.bk[2].mem_1rw_sync.synth)
## bsg_mem_1rw_sync_synth: instantiating width_p=          8, els_p=        512 (test_bp.tb.wrapper.dut.core.be.be_mem.dcache.data_mem[2].data_mem.synth.bk[3].mem_1rw_sync.synth)
## bsg_mem_1rw_sync_synth: instantiating width_p=          8, els_p=        512 (test_bp.tb.wrapper.dut.core.be.be_mem.dcache.data_mem[2].data_mem.synth.bk[4].mem_1rw_sync.synth)
## bsg_mem_1rw_sync_synth: instantiating width_p=          8, els_p=        512 (test_bp.tb.wrapper.dut.core.be.be_mem.dcache.data_mem[2].data_mem.synth.bk[5].mem_1rw_sync.synth)
## bsg_mem_1rw_sync_synth: instantiating width_p=          8, els_p=        512 (test_bp.tb.wrapper.dut.core.be.be_mem.dcache.data_mem[2].data_mem.synth.bk[6].mem_1rw_sync.synth)
## bsg_mem_1rw_sync_synth: instantiating width_p=          8, els_p=        512 (test_bp.tb.wrapper.dut.core.be.be_mem.dcache.data_mem[2].data_mem.synth.bk[7].mem_1rw_sync.synth)
## bsg_mem_1rw_sync_mask_write_byte: instantiating data_width_p=         64, els_p=        512 (test_bp.tb.wrapper.dut.core.be.be_mem.dcache.data_mem[2].data_mem)
## bsg_mem_1rw_sync_synth: instantiating width_p=          8, els_p=        512 (test_bp.tb.wrapper.dut.core.be.be_mem.dcache.data_mem[3].data_mem.synth.bk[0].mem_1rw_sync.synth)
## bsg_mem_1rw_sync_synth: instantiating width_p=          8, els_p=        512 (test_bp.tb.wrapper.dut.core.be.be_mem.dcache.data_mem[3].data_mem.synth.bk[1].mem_1rw_sync.synth)
## bsg_mem_1rw_sync_synth: instantiating width_p=          8, els_p=        512 (test_bp.tb.wrapper.dut.core.be.be_mem.dcache.data_mem[3].data_mem.synth.bk[2].mem_1rw_sync.synth)
## bsg_mem_1rw_sync_synth: instantiating width_p=          8, els_p=        512 (test_bp.tb.wrapper.dut.core.be.be_mem.dcache.data_mem[3].data_mem.synth.bk[3].mem_1rw_sync.synth)
## bsg_mem_1rw_sync_synth: instantiating width_p=          8, els_p=        512 (test_bp.tb.wrapper.dut.core.be.be_mem.dcache.data_mem[3].data_mem.synth.bk[4].mem_1rw_sync.synth)
## bsg_mem_1rw_sync_synth: instantiating width_p=          8, els_p=        512 (test_bp.tb.wrapper.dut.core.be.be_mem.dcache.data_mem[3].data_mem.synth.bk[5].mem_1rw_sync.synth)
## bsg_mem_1rw_sync_synth: instantiating width_p=          8, els_p=        512 (test_bp.tb.wrapper.dut.core.be.be_mem.dcache.data_mem[3].data_mem.synth.bk[6].mem_1rw_sync.synth)
## bsg_mem_1rw_sync_synth: instantiating width_p=          8, els_p=        512 (test_bp.tb.wrapper.dut.core.be.be_mem.dcache.data_mem[3].data_mem.synth.bk[7].mem_1rw_sync.synth)
## bsg_mem_1rw_sync_mask_write_byte: instantiating data_width_p=         64, els_p=        512 (test_bp.tb.wrapper.dut.core.be.be_mem.dcache.data_mem[3].data_mem)
## bsg_mem_1rw_sync_synth: instantiating width_p=          8, els_p=        512 (test_bp.tb.wrapper.dut.core.be.be_mem.dcache.data_mem[4].data_mem.synth.bk[0].mem_1rw_sync.synth)
## bsg_mem_1rw_sync_synth: instantiating width_p=          8, els_p=        512 (test_bp.tb.wrapper.dut.core.be.be_mem.dcache.data_mem[4].data_mem.synth.bk[1].mem_1rw_sync.synth)
## bsg_mem_1rw_sync_synth: instantiating width_p=          8, els_p=        512 (test_bp.tb.wrapper.dut.core.be.be_mem.dcache.data_mem[4].data_mem.synth.bk[2].mem_1rw_sync.synth)
## bsg_mem_1rw_sync_synth: instantiating width_p=          8, els_p=        512 (test_bp.tb.wrapper.dut.core.be.be_mem.dcache.data_mem[4].data_mem.synth.bk[3].mem_1rw_sync.synth)
## bsg_mem_1rw_sync_synth: instantiating width_p=          8, els_p=        512 (test_bp.tb.wrapper.dut.core.be.be_mem.dcache.data_mem[4].data_mem.synth.bk[4].mem_1rw_sync.synth)
## bsg_mem_1rw_sync_synth: instantiating width_p=          8, els_p=        512 (test_bp.tb.wrapper.dut.core.be.be_mem.dcache.data_mem[4].data_mem.synth.bk[5].mem_1rw_sync.synth)
## bsg_mem_1rw_sync_synth: instantiating width_p=          8, els_p=        512 (test_bp.tb.wrapper.dut.core.be.be_mem.dcache.data_mem[4].data_mem.synth.bk[6].mem_1rw_sync.synth)
## bsg_mem_1rw_sync_synth: instantiating width_p=          8, els_p=        512 (test_bp.tb.wrapper.dut.core.be.be_mem.dcache.data_mem[4].data_mem.synth.bk[7].mem_1rw_sync.synth)
## bsg_mem_1rw_sync_mask_write_byte: instantiating data_width_p=         64, els_p=        512 (test_bp.tb.wrapper.dut.core.be.be_mem.dcache.data_mem[4].data_mem)
## bsg_mem_1rw_sync_synth: instantiating width_p=          8, els_p=        512 (test_bp.tb.wrapper.dut.core.be.be_mem.dcache.data_mem[5].data_mem.synth.bk[0].mem_1rw_sync.synth)
## bsg_mem_1rw_sync_synth: instantiating width_p=          8, els_p=        512 (test_bp.tb.wrapper.dut.core.be.be_mem.dcache.data_mem[5].data_mem.synth.bk[1].mem_1rw_sync.synth)
## bsg_mem_1rw_sync_synth: instantiating width_p=          8, els_p=        512 (test_bp.tb.wrapper.dut.core.be.be_mem.dcache.data_mem[5].data_mem.synth.bk[2].mem_1rw_sync.synth)
## bsg_mem_1rw_sync_synth: instantiating width_p=          8, els_p=        512 (test_bp.tb.wrapper.dut.core.be.be_mem.dcache.data_mem[5].data_mem.synth.bk[3].mem_1rw_sync.synth)
## bsg_mem_1rw_sync_synth: instantiating width_p=          8, els_p=        512 (test_bp.tb.wrapper.dut.core.be.be_mem.dcache.data_mem[5].data_mem.synth.bk[4].mem_1rw_sync.synth)
## bsg_mem_1rw_sync_synth: instantiating width_p=          8, els_p=        512 (test_bp.tb.wrapper.dut.core.be.be_mem.dcache.data_mem[5].data_mem.synth.bk[5].mem_1rw_sync.synth)
## bsg_mem_1rw_sync_synth: instantiating width_p=          8, els_p=        512 (test_bp.tb.wrapper.dut.core.be.be_mem.dcache.data_mem[5].data_mem.synth.bk[6].mem_1rw_sync.synth)
## bsg_mem_1rw_sync_synth: instantiating width_p=          8, els_p=        512 (test_bp.tb.wrapper.dut.core.be.be_mem.dcache.data_mem[5].data_mem.synth.bk[7].mem_1rw_sync.synth)
## bsg_mem_1rw_sync_mask_write_byte: instantiating data_width_p=         64, els_p=        512 (test_bp.tb.wrapper.dut.core.be.be_mem.dcache.data_mem[5].data_mem)
## bsg_mem_1rw_sync_synth: instantiating width_p=          8, els_p=        512 (test_bp.tb.wrapper.dut.core.be.be_mem.dcache.data_mem[6].data_mem.synth.bk[0].mem_1rw_sync.synth)
## bsg_mem_1rw_sync_synth: instantiating width_p=          8, els_p=        512 (test_bp.tb.wrapper.dut.core.be.be_mem.dcache.data_mem[6].data_mem.synth.bk[1].mem_1rw_sync.synth)
## bsg_mem_1rw_sync_synth: instantiating width_p=          8, els_p=        512 (test_bp.tb.wrapper.dut.core.be.be_mem.dcache.data_mem[6].data_mem.synth.bk[2].mem_1rw_sync.synth)
## bsg_mem_1rw_sync_synth: instantiating width_p=          8, els_p=        512 (test_bp.tb.wrapper.dut.core.be.be_mem.dcache.data_mem[6].data_mem.synth.bk[3].mem_1rw_sync.synth)
## bsg_mem_1rw_sync_synth: instantiating width_p=          8, els_p=        512 (test_bp.tb.wrapper.dut.core.be.be_mem.dcache.data_mem[6].data_mem.synth.bk[4].mem_1rw_sync.synth)
## bsg_mem_1rw_sync_synth: instantiating width_p=          8, els_p=        512 (test_bp.tb.wrapper.dut.core.be.be_mem.dcache.data_mem[6].data_mem.synth.bk[5].mem_1rw_sync.synth)
## bsg_mem_1rw_sync_synth: instantiating width_p=          8, els_p=        512 (test_bp.tb.wrapper.dut.core.be.be_mem.dcache.data_mem[6].data_mem.synth.bk[6].mem_1rw_sync.synth)
## bsg_mem_1rw_sync_synth: instantiating width_p=          8, els_p=        512 (test_bp.tb.wrapper.dut.core.be.be_mem.dcache.data_mem[6].data_mem.synth.bk[7].mem_1rw_sync.synth)
## bsg_mem_1rw_sync_mask_write_byte: instantiating data_width_p=         64, els_p=        512 (test_bp.tb.wrapper.dut.core.be.be_mem.dcache.data_mem[6].data_mem)
## bsg_mem_1rw_sync_synth: instantiating width_p=          8, els_p=        512 (test_bp.tb.wrapper.dut.core.be.be_mem.dcache.data_mem[7].data_mem.synth.bk[0].mem_1rw_sync.synth)
## bsg_mem_1rw_sync_synth: instantiating width_p=          8, els_p=        512 (test_bp.tb.wrapper.dut.core.be.be_mem.dcache.data_mem[7].data_mem.synth.bk[1].mem_1rw_sync.synth)
## bsg_mem_1rw_sync_synth: instantiating width_p=          8, els_p=        512 (test_bp.tb.wrapper.dut.core.be.be_mem.dcache.data_mem[7].data_mem.synth.bk[2].mem_1rw_sync.synth)
## bsg_mem_1rw_sync_synth: instantiating width_p=          8, els_p=        512 (test_bp.tb.wrapper.dut.core.be.be_mem.dcache.data_mem[7].data_mem.synth.bk[3].mem_1rw_sync.synth)
## bsg_mem_1rw_sync_synth: instantiating width_p=          8, els_p=        512 (test_bp.tb.wrapper.dut.core.be.be_mem.dcache.data_mem[7].data_mem.synth.bk[4].mem_1rw_sync.synth)
## bsg_mem_1rw_sync_synth: instantiating width_p=          8, els_p=        512 (test_bp.tb.wrapper.dut.core.be.be_mem.dcache.data_mem[7].data_mem.synth.bk[5].mem_1rw_sync.synth)
## bsg_mem_1rw_sync_synth: instantiating width_p=          8, els_p=        512 (test_bp.tb.wrapper.dut.core.be.be_mem.dcache.data_mem[7].data_mem.synth.bk[6].mem_1rw_sync.synth)
## bsg_mem_1rw_sync_synth: instantiating width_p=          8, els_p=        512 (test_bp.tb.wrapper.dut.core.be.be_mem.dcache.data_mem[7].data_mem.synth.bk[7].mem_1rw_sync.synth)
## bsg_mem_1rw_sync_mask_write_byte: instantiating data_width_p=         64, els_p=        512 (test_bp.tb.wrapper.dut.core.be.be_mem.dcache.data_mem[7].data_mem)
## bsg_mem_1rw_sync_mask_write_bit: instantiating width_p=         15, els_p=         64 (test_bp.tb.wrapper.dut.core.be.be_mem.dcache.stat_mem)
## bsg_mem_1rw_sync_mask_write_bit: instantiating width_p=        248, els_p=         64 (test_bp.tb.wrapper.dut.core.be.be_mem.dcache.tag_mem)
## bsg_mem_1r1w: instantiating width_p=        570, els_p=          2, read_write_same_addr_p=          0, harden_p=          0 (test_bp.tb.wrapper.dut.clint.cmd_buffer.mem_1r1w)
## bsg_mem_1r1w: instantiating width_p=        570, els_p=          2, read_write_same_addr_p=          0, harden_p=          0 (test_bp.tb.wrapper.dut.clint.resp_buffer.mem_1r1w)
## bsg_mem_1r1w: instantiating width_p=        570, els_p=          2, read_write_same_addr_p=          0, harden_p=          0 (test_bp.tb.mem_cmd_fifo.mem_1r1w)
## bsg_mem_1r1w: instantiating width_p=        570, els_p=          2, read_write_same_addr_p=          0, harden_p=          0 (test_bp.tb.mem_resp_fifo.mem_1r1w)
## bsg_mem_1r1w: instantiating width_p=        570, els_p=          2, read_write_same_addr_p=          0, harden_p=          0 (test_bp.tb.io_cmd_fifo.mem_1r1w)
## bsg_mem_1r1w: instantiating width_p=        570, els_p=          2, read_write_same_addr_p=          0, harden_p=          0 (test_bp.tb.io_resp_fifo.mem_1r1w)
########### BP Parameters ##############
bp_params_e e_bp_single_core_cfg: bp_proc_param_s '{cc_x_dim:1, cc_y_dim:1, ic_y_dim:1, mc_y_dim:0, ac_x_dim:0, vaddr_width:39, paddr_width:40, asid_width:1, branch_metadata_fwd_width:28, btb_tag_width:10, btb_idx_width:6, bht_idx_width:9, ras_idx_width:2, itlb_els:8, dtlb_els:8, lce_sets:64, lce_assoc:8, cce_block_width:512, cce_pc_width:8, l2_sets:256, l2_assoc:4, fe_queue_fifo_els:8, fe_cmd_fifo_els:4, async_coh_clk:0, coh_noc_max_credits:8, coh_noc_flit_width:128, coh_noc_cid_width:2, coh_noc_len_width:3, async_mem_clk:1, mem_noc_max_credits:8, mem_noc_flit_width:64, mem_noc_cid_width:2, mem_noc_len_width:4, async_io_clk:1, io_noc_max_credits:16, io_noc_flit_width:64, io_noc_did_width:3, io_noc_cid_width:2, io_noc_len_width:4}
########### TOP IF ##############
bp_cfg_bus_s          bits: struct         305 width         305
########### FE-BE IF ##############
bp_fe_queue_s          bits: struct         101 width         101
bp_fe_cmd_s            bits: struct          78 width          78
########### LCE-CCE IF ##############
bp_lce_cce_req_s       bits: struct         117 width         117
bp_lce_cmd_s           bits: struct         566 width         566
bp_lce_cce_resp_s      bits: struct         563 width         563
########### CCE-MEM IF ##############
bp_cce_mem_msg_s       bits: struct         570 width         570
Stopping new assertion attempts at time 0ps: level = 0 arg = * (from inst test_bp (/home/beallal/final_proj/black-parrot/bp_top/syn/results/vcs/bp_softcore.e_bp_single_core_cfg.build/test_bp.v:44))
__________ ___________  _______________________________
\______   \\_   _____/ /   _____/\_   _____/\__    ___/
 |       _/ |    __)_  \_____  \  |    __)_   |    |   
 |    |   \ |        \ /        \ |        \  |    |  0->1 time =          0
 |____|_  //_______  //_______  //_______  /  |____|   
 ASYNC  \/         \/         \/         \/            
__________ ___________  _______________________________
\______   \\_   _____/ /   _____/\_   _____/\__    ___/
 |       _/ |    __)_  \_____  \  |    __)_   |    |   
 |    |   \ |        \ /        \ |        \  |    |  1->0 time =     190000
 |____|_  //_______  //_______  //_______  /  |____|   
 ASYNC  \/         \/         \/         \/            
Starting assertion attempts at time 190000ps: level = 0 arg = * (from inst test_bp (/home/beallal/final_proj/black-parrot/bp_top/syn/results/vcs/bp_softcore.e_bp_single_core_cfg.build/test_bp.v:47))
           V C S   S i m u l a t i o n   R e p o r t 
Time: 5000000000 ps
CPU Time:     37.180 seconds;       Data structure size:   4.6Mb
Sun Mar 15 16:29:25 2020
